<?xml version="1.0" encoding="UTF-8"?>
<testsuite xmlns:xsi="http://www.w3.org/2001/XMLSchema-instance" xsi:noNamespaceSchemaLocation="https://maven.apache.org/surefire/maven-surefire-plugin/xsd/surefire-test-report-3.0.xsd" version="3.0" name="TestSuite" time="25.455" tests="1" errors="0" skipped="0" failures="1">
  <properties>
    <property name="java.specification.version" value="16"/>
    <property name="webdriver.chrome.driver" value="C:\Users\Dell\.m2\repository\webdriver\chromedriver\win32\114.0.5735.90\chromedriver.exe"/>
    <property name="sun.cpu.isalist" value="amd64"/>
    <property name="sun.jnu.encoding" value="Cp1252"/>
    <property name="java.class.path" value="C:\Users\Dell\Downloads\Flipkart_EndtoEndProject\target\test-classes;C:\Users\Dell\Downloads\Flipkart_EndtoEndProject\target\classes;C:\Users\Dell\.m2\repository\io\qameta\allure\allure-testng\2.12.0\allure-testng-2.12.0.jar;C:\Users\Dell\.m2\repository\io\qameta\allure\allure-java-commons\2.12.0\allure-java-commons-2.12.0.jar;C:\Users\Dell\.m2\repository\io\qameta\allure\allure-model\2.12.0\allure-model-2.12.0.jar;C:\Users\Dell\.m2\repository\com\fasterxml\jackson\core\jackson-databind\2.9.8\jackson-databind-2.9.8.jar;C:\Users\Dell\.m2\repository\com\fasterxml\jackson\core\jackson-annotations\2.9.0\jackson-annotations-2.9.0.jar;C:\Users\Dell\.m2\repository\com\fasterxml\jackson\core\jackson-core\2.9.8\jackson-core-2.9.8.jar;C:\Users\Dell\.m2\repository\org\apache\tika\tika-core\1.20\tika-core-1.20.jar;C:\Users\Dell\.m2\repository\org\jooq\joor-java-8\0.9.10\joor-java-8-0.9.10.jar;C:\Users\Dell\.m2\repository\org\testng\testng\6.14.3\testng-6.14.3.jar;C:\Users\Dell\.m2\repository\com\beust\jcommander\1.72\jcommander-1.72.jar;C:\Users\Dell\.m2\repository\org\apache-extras\beanshell\bsh\2.0b6\bsh-2.0b6.jar;C:\Users\Dell\.m2\repository\info\cukes\gherkin\2.12.2\gherkin-2.12.2.jar;C:\Users\Dell\.m2\repository\io\cucumber\cucumber-java\5.7.0\cucumber-java-5.7.0.jar;C:\Users\Dell\.m2\repository\org\apiguardian\apiguardian-api\1.1.0\apiguardian-api-1.1.0.jar;C:\Users\Dell\.m2\repository\io\cucumber\cucumber-testng\5.7.0\cucumber-testng-5.7.0.jar;C:\Users\Dell\.m2\repository\io\cucumber\cucumber-junit\5.7.0\cucumber-junit-5.7.0.jar;C:\Users\Dell\.m2\repository\junit\junit\4.13\junit-4.13.jar;C:\Users\Dell\.m2\repository\org\hamcrest\hamcrest-core\1.3\hamcrest-core-1.3.jar;C:\Users\Dell\.m2\repository\io\cucumber\cucumber-picocontainer\5.7.0\cucumber-picocontainer-5.7.0.jar;C:\Users\Dell\.m2\repository\org\picocontainer\picocontainer\2.15\picocontainer-2.15.jar;C:\Users\Dell\.m2\repository\tech\grasshopper\extentreports-cucumber5-adapter\1.3.2\extentreports-cucumber5-adapter-1.3.2.jar;C:\Users\Dell\.m2\repository\org\mongodb\mongodb-driver\3.3.0\mongodb-driver-3.3.0.jar;C:\Users\Dell\.m2\repository\org\mongodb\mongodb-driver-core\3.3.0\mongodb-driver-core-3.3.0.jar;C:\Users\Dell\.m2\repository\com\aventstack\extentreports\4.1.5\extentreports-4.1.5.jar;C:\Users\Dell\.m2\repository\org\freemarker\freemarker\2.3.29\freemarker-2.3.29.jar;C:\Users\Dell\.m2\repository\org\apache\httpcomponents\httpclient\4.5.2\httpclient-4.5.2.jar;C:\Users\Dell\.m2\repository\org\apache\httpcomponents\httpcore\4.4.4\httpcore-4.4.4.jar;C:\Users\Dell\.m2\repository\commons-logging\commons-logging\1.2\commons-logging-1.2.jar;C:\Users\Dell\.m2\repository\commons-codec\commons-codec\1.9\commons-codec-1.9.jar;C:\Users\Dell\.m2\repository\org\apache\httpcomponents\httpmime\4.5.2\httpmime-4.5.2.jar;C:\Users\Dell\.m2\repository\org\mongodb\bson\3.12.0\bson-3.12.0.jar;C:\Users\Dell\.m2\repository\org\aspectj\aspectjweaver\1.8.10\aspectjweaver-1.8.10.jar;C:\Users\Dell\.m2\repository\log4j\log4j\1.2.17\log4j-1.2.17.jar;C:\Users\Dell\.m2\repository\io\cucumber\cucumber-core\5.7.0\cucumber-core-5.7.0.jar;C:\Users\Dell\.m2\repository\io\cucumber\cucumber-gherkin\5.7.0\cucumber-gherkin-5.7.0.jar;C:\Users\Dell\.m2\repository\io\cucumber\cucumber-gherkin-vintage\5.7.0\cucumber-gherkin-vintage-5.7.0.jar;C:\Users\Dell\.m2\repository\io\cucumber\tag-expressions\2.0.4\tag-expressions-2.0.4.jar;C:\Users\Dell\.m2\repository\io\cucumber\cucumber-expressions\8.3.1\cucumber-expressions-8.3.1.jar;C:\Users\Dell\.m2\repository\io\cucumber\datatable\3.3.1\datatable-3.3.1.jar;C:\Users\Dell\.m2\repository\io\cucumber\cucumber-plugin\5.7.0\cucumber-plugin-5.7.0.jar;C:\Users\Dell\.m2\repository\io\cucumber\docstring\5.7.0\docstring-5.7.0.jar;C:\Users\Dell\.m2\repository\org\seleniumhq\selenium\selenium-java\3.141.5\selenium-java-3.141.5.jar;C:\Users\Dell\.m2\repository\org\seleniumhq\selenium\selenium-api\3.141.5\selenium-api-3.141.5.jar;C:\Users\Dell\.m2\repository\org\seleniumhq\selenium\selenium-chrome-driver\3.141.5\selenium-chrome-driver-3.141.5.jar;C:\Users\Dell\.m2\repository\org\seleniumhq\selenium\selenium-edge-driver\3.141.5\selenium-edge-driver-3.141.5.jar;C:\Users\Dell\.m2\repository\org\seleniumhq\selenium\selenium-firefox-driver\3.141.5\selenium-firefox-driver-3.141.5.jar;C:\Users\Dell\.m2\repository\org\seleniumhq\selenium\selenium-ie-driver\3.141.5\selenium-ie-driver-3.141.5.jar;C:\Users\Dell\.m2\repository\org\seleniumhq\selenium\selenium-opera-driver\3.141.5\selenium-opera-driver-3.141.5.jar;C:\Users\Dell\.m2\repository\org\seleniumhq\selenium\selenium-remote-driver\3.141.5\selenium-remote-driver-3.141.5.jar;C:\Users\Dell\.m2\repository\org\seleniumhq\selenium\selenium-safari-driver\3.141.5\selenium-safari-driver-3.141.5.jar;C:\Users\Dell\.m2\repository\org\seleniumhq\selenium\selenium-support\3.141.5\selenium-support-3.141.5.jar;C:\Users\Dell\.m2\repository\net\bytebuddy\byte-buddy\1.8.15\byte-buddy-1.8.15.jar;C:\Users\Dell\.m2\repository\org\apache\commons\commons-exec\1.3\commons-exec-1.3.jar;C:\Users\Dell\.m2\repository\com\google\guava\guava\25.0-jre\guava-25.0-jre.jar;C:\Users\Dell\.m2\repository\com\google\code\findbugs\jsr305\1.3.9\jsr305-1.3.9.jar;C:\Users\Dell\.m2\repository\org\checkerframework\checker-compat-qual\2.0.0\checker-compat-qual-2.0.0.jar;C:\Users\Dell\.m2\repository\com\google\errorprone\error_prone_annotations\2.1.3\error_prone_annotations-2.1.3.jar;C:\Users\Dell\.m2\repository\com\google\j2objc\j2objc-annotations\1.1\j2objc-annotations-1.1.jar;C:\Users\Dell\.m2\repository\org\codehaus\mojo\animal-sniffer-annotations\1.14\animal-sniffer-annotations-1.14.jar;C:\Users\Dell\.m2\repository\com\squareup\okhttp3\okhttp\3.11.0\okhttp-3.11.0.jar;C:\Users\Dell\.m2\repository\com\squareup\okio\okio\1.14.0\okio-1.14.0.jar;C:\Users\Dell\.m2\repository\org\apache\poi\poi-ooxml\3.8-beta4\poi-ooxml-3.8-beta4.jar;C:\Users\Dell\.m2\repository\org\apache\poi\poi\3.8-beta4\poi-3.8-beta4.jar;C:\Users\Dell\.m2\repository\org\apache\poi\poi-ooxml-schemas\3.8-beta4\poi-ooxml-schemas-3.8-beta4.jar;C:\Users\Dell\.m2\repository\org\apache\xmlbeans\xmlbeans\2.3.0\xmlbeans-2.3.0.jar;C:\Users\Dell\.m2\repository\stax\stax-api\1.0.1\stax-api-1.0.1.jar;C:\Users\Dell\.m2\repository\dom4j\dom4j\1.6.1\dom4j-1.6.1.jar;C:\Users\Dell\.m2\repository\xml-apis\xml-apis\1.0.b2\xml-apis-1.0.b2.jar;C:\Users\Dell\.m2\repository\io\github\bonigarcia\webdrivermanager\4.0.0\webdrivermanager-4.0.0.jar;C:\Users\Dell\.m2\repository\org\slf4j\slf4j-api\1.7.30\slf4j-api-1.7.30.jar;C:\Users\Dell\.m2\repository\commons-io\commons-io\2.6\commons-io-2.6.jar;C:\Users\Dell\.m2\repository\org\apache\commons\commons-lang3\3.10\commons-lang3-3.10.jar;C:\Users\Dell\.m2\repository\org\apache\httpcomponents\client5\httpclient5\5.0\httpclient5-5.0.jar;C:\Users\Dell\.m2\repository\org\apache\httpcomponents\core5\httpcore5\5.0\httpcore5-5.0.jar;C:\Users\Dell\.m2\repository\org\apache\httpcomponents\core5\httpcore5-h2\5.0\httpcore5-h2-5.0.jar;C:\Users\Dell\.m2\repository\org\rauschig\jarchivelib\1.0.0\jarchivelib-1.0.0.jar;C:\Users\Dell\.m2\repository\org\apache\commons\commons-compress\1.18\commons-compress-1.18.jar;C:\Users\Dell\.m2\repository\org\jsoup\jsoup\1.13.1\jsoup-1.13.1.jar;C:\Users\Dell\.m2\repository\com\google\code\gson\gson\2.9.1\gson-2.9.1.jar;C:\Users\Dell\.m2\repository\io\rest-assured\rest-assured\5.1.1\rest-assured-5.1.1.jar;C:\Users\Dell\.m2\repository\org\apache\groovy\groovy\4.0.1\groovy-4.0.1.jar;C:\Users\Dell\.m2\repository\org\apache\groovy\groovy-xml\4.0.1\groovy-xml-4.0.1.jar;C:\Users\Dell\.m2\repository\org\hamcrest\hamcrest\2.1\hamcrest-2.1.jar;C:\Users\Dell\.m2\repository\org\ccil\cowan\tagsoup\tagsoup\1.2.1\tagsoup-1.2.1.jar;C:\Users\Dell\.m2\repository\io\rest-assured\json-path\5.1.1\json-path-5.1.1.jar;C:\Users\Dell\.m2\repository\org\apache\groovy\groovy-json\4.0.1\groovy-json-4.0.1.jar;C:\Users\Dell\.m2\repository\io\rest-assured\rest-assured-common\5.1.1\rest-assured-common-5.1.1.jar;C:\Users\Dell\.m2\repository\io\rest-assured\xml-path\5.1.1\xml-path-5.1.1.jar;C:\Users\Dell\.m2\repository\io\appium\java-client\7.6.0\java-client-7.6.0.jar;C:\Users\Dell\.m2\repository\cglib\cglib\3.3.0\cglib-3.3.0.jar;C:\Users\Dell\.m2\repository\org\ow2\asm\asm\7.1\asm-7.1.jar;C:\Users\Dell\.m2\repository\commons-validator\commons-validator\1.7\commons-validator-1.7.jar;C:\Users\Dell\.m2\repository\commons-beanutils\commons-beanutils\1.9.4\commons-beanutils-1.9.4.jar;C:\Users\Dell\.m2\repository\commons-digester\commons-digester\2.1\commons-digester-2.1.jar;C:\Users\Dell\.m2\repository\commons-collections\commons-collections\3.2.2\commons-collections-3.2.2.jar;C:\Users\Dell\.m2\repository\org\springframework\spring-context\5.3.10\spring-context-5.3.10.jar;C:\Users\Dell\.m2\repository\org\springframework\spring-aop\5.3.10\spring-aop-5.3.10.jar;C:\Users\Dell\.m2\repository\org\springframework\spring-beans\5.3.10\spring-beans-5.3.10.jar;C:\Users\Dell\.m2\repository\org\springframework\spring-core\5.3.10\spring-core-5.3.10.jar;C:\Users\Dell\.m2\repository\org\springframework\spring-jcl\5.3.10\spring-jcl-5.3.10.jar;C:\Users\Dell\.m2\repository\org\springframework\spring-expression\5.3.10\spring-expression-5.3.10.jar;"/>
    <property name="java.vm.vendor" value="Oracle Corporation"/>
    <property name="sun.arch.data.model" value="64"/>
    <property name="user.variant" value=""/>
    <property name="java.vendor.url" value="https://java.oracle.com/"/>
    <property name="user.timezone" value="Asia/Calcutta"/>
    <property name="os.name" value="Windows 10"/>
    <property name="java.vm.specification.version" value="16"/>
    <property name="sun.java.launcher" value="SUN_STANDARD"/>
    <property name="user.country" value="AU"/>
    <property name="sun.boot.library.path" value="C:\Users\Dell\.p2\pool\plugins\org.eclipse.justj.openjdk.hotspot.jre.full.win32.x86_64_16.0.2.v20210721-1149\jre\bin"/>
    <property name="sun.java.command" value="C:\Users\Dell\AppData\Local\Temp\surefire984233046784665714\surefirebooter1901864764212805439.jar C:\Users\Dell\AppData\Local\Temp\surefire984233046784665714 2023-06-30T19-03-55_311-jvmRun1 surefire17175335510873288685tmp surefire_05922021620152147494tmp"/>
    <property name="jdk.debug" value="release"/>
    <property name="surefire.test.class.path" value="C:\Users\Dell\Downloads\Flipkart_EndtoEndProject\target\test-classes;C:\Users\Dell\Downloads\Flipkart_EndtoEndProject\target\classes;C:\Users\Dell\.m2\repository\io\qameta\allure\allure-testng\2.12.0\allure-testng-2.12.0.jar;C:\Users\Dell\.m2\repository\io\qameta\allure\allure-java-commons\2.12.0\allure-java-commons-2.12.0.jar;C:\Users\Dell\.m2\repository\io\qameta\allure\allure-model\2.12.0\allure-model-2.12.0.jar;C:\Users\Dell\.m2\repository\com\fasterxml\jackson\core\jackson-databind\2.9.8\jackson-databind-2.9.8.jar;C:\Users\Dell\.m2\repository\com\fasterxml\jackson\core\jackson-annotations\2.9.0\jackson-annotations-2.9.0.jar;C:\Users\Dell\.m2\repository\com\fasterxml\jackson\core\jackson-core\2.9.8\jackson-core-2.9.8.jar;C:\Users\Dell\.m2\repository\org\apache\tika\tika-core\1.20\tika-core-1.20.jar;C:\Users\Dell\.m2\repository\org\jooq\joor-java-8\0.9.10\joor-java-8-0.9.10.jar;C:\Users\Dell\.m2\repository\org\testng\testng\6.14.3\testng-6.14.3.jar;C:\Users\Dell\.m2\repository\com\beust\jcommander\1.72\jcommander-1.72.jar;C:\Users\Dell\.m2\repository\org\apache-extras\beanshell\bsh\2.0b6\bsh-2.0b6.jar;C:\Users\Dell\.m2\repository\info\cukes\gherkin\2.12.2\gherkin-2.12.2.jar;C:\Users\Dell\.m2\repository\io\cucumber\cucumber-java\5.7.0\cucumber-java-5.7.0.jar;C:\Users\Dell\.m2\repository\org\apiguardian\apiguardian-api\1.1.0\apiguardian-api-1.1.0.jar;C:\Users\Dell\.m2\repository\io\cucumber\cucumber-testng\5.7.0\cucumber-testng-5.7.0.jar;C:\Users\Dell\.m2\repository\io\cucumber\cucumber-junit\5.7.0\cucumber-junit-5.7.0.jar;C:\Users\Dell\.m2\repository\junit\junit\4.13\junit-4.13.jar;C:\Users\Dell\.m2\repository\org\hamcrest\hamcrest-core\1.3\hamcrest-core-1.3.jar;C:\Users\Dell\.m2\repository\io\cucumber\cucumber-picocontainer\5.7.0\cucumber-picocontainer-5.7.0.jar;C:\Users\Dell\.m2\repository\org\picocontainer\picocontainer\2.15\picocontainer-2.15.jar;C:\Users\Dell\.m2\repository\tech\grasshopper\extentreports-cucumber5-adapter\1.3.2\extentreports-cucumber5-adapter-1.3.2.jar;C:\Users\Dell\.m2\repository\org\mongodb\mongodb-driver\3.3.0\mongodb-driver-3.3.0.jar;C:\Users\Dell\.m2\repository\org\mongodb\mongodb-driver-core\3.3.0\mongodb-driver-core-3.3.0.jar;C:\Users\Dell\.m2\repository\com\aventstack\extentreports\4.1.5\extentreports-4.1.5.jar;C:\Users\Dell\.m2\repository\org\freemarker\freemarker\2.3.29\freemarker-2.3.29.jar;C:\Users\Dell\.m2\repository\org\apache\httpcomponents\httpclient\4.5.2\httpclient-4.5.2.jar;C:\Users\Dell\.m2\repository\org\apache\httpcomponents\httpcore\4.4.4\httpcore-4.4.4.jar;C:\Users\Dell\.m2\repository\commons-logging\commons-logging\1.2\commons-logging-1.2.jar;C:\Users\Dell\.m2\repository\commons-codec\commons-codec\1.9\commons-codec-1.9.jar;C:\Users\Dell\.m2\repository\org\apache\httpcomponents\httpmime\4.5.2\httpmime-4.5.2.jar;C:\Users\Dell\.m2\repository\org\mongodb\bson\3.12.0\bson-3.12.0.jar;C:\Users\Dell\.m2\repository\org\aspectj\aspectjweaver\1.8.10\aspectjweaver-1.8.10.jar;C:\Users\Dell\.m2\repository\log4j\log4j\1.2.17\log4j-1.2.17.jar;C:\Users\Dell\.m2\repository\io\cucumber\cucumber-core\5.7.0\cucumber-core-5.7.0.jar;C:\Users\Dell\.m2\repository\io\cucumber\cucumber-gherkin\5.7.0\cucumber-gherkin-5.7.0.jar;C:\Users\Dell\.m2\repository\io\cucumber\cucumber-gherkin-vintage\5.7.0\cucumber-gherkin-vintage-5.7.0.jar;C:\Users\Dell\.m2\repository\io\cucumber\tag-expressions\2.0.4\tag-expressions-2.0.4.jar;C:\Users\Dell\.m2\repository\io\cucumber\cucumber-expressions\8.3.1\cucumber-expressions-8.3.1.jar;C:\Users\Dell\.m2\repository\io\cucumber\datatable\3.3.1\datatable-3.3.1.jar;C:\Users\Dell\.m2\repository\io\cucumber\cucumber-plugin\5.7.0\cucumber-plugin-5.7.0.jar;C:\Users\Dell\.m2\repository\io\cucumber\docstring\5.7.0\docstring-5.7.0.jar;C:\Users\Dell\.m2\repository\org\seleniumhq\selenium\selenium-java\3.141.5\selenium-java-3.141.5.jar;C:\Users\Dell\.m2\repository\org\seleniumhq\selenium\selenium-api\3.141.5\selenium-api-3.141.5.jar;C:\Users\Dell\.m2\repository\org\seleniumhq\selenium\selenium-chrome-driver\3.141.5\selenium-chrome-driver-3.141.5.jar;C:\Users\Dell\.m2\repository\org\seleniumhq\selenium\selenium-edge-driver\3.141.5\selenium-edge-driver-3.141.5.jar;C:\Users\Dell\.m2\repository\org\seleniumhq\selenium\selenium-firefox-driver\3.141.5\selenium-firefox-driver-3.141.5.jar;C:\Users\Dell\.m2\repository\org\seleniumhq\selenium\selenium-ie-driver\3.141.5\selenium-ie-driver-3.141.5.jar;C:\Users\Dell\.m2\repository\org\seleniumhq\selenium\selenium-opera-driver\3.141.5\selenium-opera-driver-3.141.5.jar;C:\Users\Dell\.m2\repository\org\seleniumhq\selenium\selenium-remote-driver\3.141.5\selenium-remote-driver-3.141.5.jar;C:\Users\Dell\.m2\repository\org\seleniumhq\selenium\selenium-safari-driver\3.141.5\selenium-safari-driver-3.141.5.jar;C:\Users\Dell\.m2\repository\org\seleniumhq\selenium\selenium-support\3.141.5\selenium-support-3.141.5.jar;C:\Users\Dell\.m2\repository\net\bytebuddy\byte-buddy\1.8.15\byte-buddy-1.8.15.jar;C:\Users\Dell\.m2\repository\org\apache\commons\commons-exec\1.3\commons-exec-1.3.jar;C:\Users\Dell\.m2\repository\com\google\guava\guava\25.0-jre\guava-25.0-jre.jar;C:\Users\Dell\.m2\repository\com\google\code\findbugs\jsr305\1.3.9\jsr305-1.3.9.jar;C:\Users\Dell\.m2\repository\org\checkerframework\checker-compat-qual\2.0.0\checker-compat-qual-2.0.0.jar;C:\Users\Dell\.m2\repository\com\google\errorprone\error_prone_annotations\2.1.3\error_prone_annotations-2.1.3.jar;C:\Users\Dell\.m2\repository\com\google\j2objc\j2objc-annotations\1.1\j2objc-annotations-1.1.jar;C:\Users\Dell\.m2\repository\org\codehaus\mojo\animal-sniffer-annotations\1.14\animal-sniffer-annotations-1.14.jar;C:\Users\Dell\.m2\repository\com\squareup\okhttp3\okhttp\3.11.0\okhttp-3.11.0.jar;C:\Users\Dell\.m2\repository\com\squareup\okio\okio\1.14.0\okio-1.14.0.jar;C:\Users\Dell\.m2\repository\org\apache\poi\poi-ooxml\3.8-beta4\poi-ooxml-3.8-beta4.jar;C:\Users\Dell\.m2\repository\org\apache\poi\poi\3.8-beta4\poi-3.8-beta4.jar;C:\Users\Dell\.m2\repository\org\apache\poi\poi-ooxml-schemas\3.8-beta4\poi-ooxml-schemas-3.8-beta4.jar;C:\Users\Dell\.m2\repository\org\apache\xmlbeans\xmlbeans\2.3.0\xmlbeans-2.3.0.jar;C:\Users\Dell\.m2\repository\stax\stax-api\1.0.1\stax-api-1.0.1.jar;C:\Users\Dell\.m2\repository\dom4j\dom4j\1.6.1\dom4j-1.6.1.jar;C:\Users\Dell\.m2\repository\xml-apis\xml-apis\1.0.b2\xml-apis-1.0.b2.jar;C:\Users\Dell\.m2\repository\io\github\bonigarcia\webdrivermanager\4.0.0\webdrivermanager-4.0.0.jar;C:\Users\Dell\.m2\repository\org\slf4j\slf4j-api\1.7.30\slf4j-api-1.7.30.jar;C:\Users\Dell\.m2\repository\commons-io\commons-io\2.6\commons-io-2.6.jar;C:\Users\Dell\.m2\repository\org\apache\commons\commons-lang3\3.10\commons-lang3-3.10.jar;C:\Users\Dell\.m2\repository\org\apache\httpcomponents\client5\httpclient5\5.0\httpclient5-5.0.jar;C:\Users\Dell\.m2\repository\org\apache\httpcomponents\core5\httpcore5\5.0\httpcore5-5.0.jar;C:\Users\Dell\.m2\repository\org\apache\httpcomponents\core5\httpcore5-h2\5.0\httpcore5-h2-5.0.jar;C:\Users\Dell\.m2\repository\org\rauschig\jarchivelib\1.0.0\jarchivelib-1.0.0.jar;C:\Users\Dell\.m2\repository\org\apache\commons\commons-compress\1.18\commons-compress-1.18.jar;C:\Users\Dell\.m2\repository\org\jsoup\jsoup\1.13.1\jsoup-1.13.1.jar;C:\Users\Dell\.m2\repository\com\google\code\gson\gson\2.9.1\gson-2.9.1.jar;C:\Users\Dell\.m2\repository\io\rest-assured\rest-assured\5.1.1\rest-assured-5.1.1.jar;C:\Users\Dell\.m2\repository\org\apache\groovy\groovy\4.0.1\groovy-4.0.1.jar;C:\Users\Dell\.m2\repository\org\apache\groovy\groovy-xml\4.0.1\groovy-xml-4.0.1.jar;C:\Users\Dell\.m2\repository\org\hamcrest\hamcrest\2.1\hamcrest-2.1.jar;C:\Users\Dell\.m2\repository\org\ccil\cowan\tagsoup\tagsoup\1.2.1\tagsoup-1.2.1.jar;C:\Users\Dell\.m2\repository\io\rest-assured\json-path\5.1.1\json-path-5.1.1.jar;C:\Users\Dell\.m2\repository\org\apache\groovy\groovy-json\4.0.1\groovy-json-4.0.1.jar;C:\Users\Dell\.m2\repository\io\rest-assured\rest-assured-common\5.1.1\rest-assured-common-5.1.1.jar;C:\Users\Dell\.m2\repository\io\rest-assured\xml-path\5.1.1\xml-path-5.1.1.jar;C:\Users\Dell\.m2\repository\io\appium\java-client\7.6.0\java-client-7.6.0.jar;C:\Users\Dell\.m2\repository\cglib\cglib\3.3.0\cglib-3.3.0.jar;C:\Users\Dell\.m2\repository\org\ow2\asm\asm\7.1\asm-7.1.jar;C:\Users\Dell\.m2\repository\commons-validator\commons-validator\1.7\commons-validator-1.7.jar;C:\Users\Dell\.m2\repository\commons-beanutils\commons-beanutils\1.9.4\commons-beanutils-1.9.4.jar;C:\Users\Dell\.m2\repository\commons-digester\commons-digester\2.1\commons-digester-2.1.jar;C:\Users\Dell\.m2\repository\commons-collections\commons-collections\3.2.2\commons-collections-3.2.2.jar;C:\Users\Dell\.m2\repository\org\springframework\spring-context\5.3.10\spring-context-5.3.10.jar;C:\Users\Dell\.m2\repository\org\springframework\spring-aop\5.3.10\spring-aop-5.3.10.jar;C:\Users\Dell\.m2\repository\org\springframework\spring-beans\5.3.10\spring-beans-5.3.10.jar;C:\Users\Dell\.m2\repository\org\springframework\spring-core\5.3.10\spring-core-5.3.10.jar;C:\Users\Dell\.m2\repository\org\springframework\spring-jcl\5.3.10\spring-jcl-5.3.10.jar;C:\Users\Dell\.m2\repository\org\springframework\spring-expression\5.3.10\spring-expression-5.3.10.jar;"/>
    <property name="sun.cpu.endian" value="little"/>
    <property name="user.home" value="C:\Users\Dell"/>
    <property name="user.language" value="en"/>
    <property name="java.specification.vendor" value="Oracle Corporation"/>
    <property name="java.version.date" value="2021-07-20"/>
    <property name="java.home" value="C:\Users\Dell\.p2\pool\plugins\org.eclipse.justj.openjdk.hotspot.jre.full.win32.x86_64_16.0.2.v20210721-1149\jre"/>
    <property name="file.separator" value="\"/>
    <property name="basedir" value="C:\Users\Dell\Downloads\Flipkart_EndtoEndProject"/>
    <property name="java.vm.compressedOopsMode" value="32-bit"/>
    <property name="line.separator" value="&#10;"/>
    <property name="java.vm.specification.vendor" value="Oracle Corporation"/>
    <property name="java.specification.name" value="Java Platform API Specification"/>
    <property name="surefire.real.class.path" value="C:\Users\Dell\AppData\Local\Temp\surefire984233046784665714\surefirebooter1901864764212805439.jar"/>
    <property name="user.script" value=""/>
    <property name="sun.management.compiler" value="HotSpot 64-Bit Tiered Compilers"/>
    <property name="java.runtime.version" value="16.0.2+7-67"/>
    <property name="user.name" value="Dell"/>
    <property name="path.separator" value=";"/>
    <property name="os.version" value="10.0"/>
    <property name="java.runtime.name" value="OpenJDK Runtime Environment"/>
    <property name="file.encoding" value="Cp1252"/>
    <property name="java.vm.name" value="OpenJDK 64-Bit Server VM"/>
    <property name="localRepository" value="C:\Users\Dell\.m2\repository"/>
    <property name="java.vendor.url.bug" value="https://bugreport.java.com/bugreport/"/>
    <property name="java.io.tmpdir" value="C:\Users\Dell\AppData\Local\Temp\"/>
    <property name="java.version" value="16.0.2"/>
    <property name="user.dir" value="C:\Users\Dell\Downloads\Flipkart_EndtoEndProject"/>
    <property name="os.arch" value="amd64"/>
    <property name="java.vm.specification.name" value="Java Virtual Machine Specification"/>
    <property name="sun.os.patch.level" value=""/>
    <property name="java.library.path" value="C:\Users\Dell\.p2\pool\plugins\org.eclipse.justj.openjdk.hotspot.jre.full.win32.x86_64_16.0.2.v20210721-1149\jre\bin;C:\WINDOWS\Sun\Java\bin;C:\WINDOWS\system32;C:\WINDOWS;C:/Users/Dell/.p2/pool/plugins/org.eclipse.justj.openjdk.hotspot.jre.full.win32.x86_64_16.0.2.v20210721-1149/jre/bin/server;C:/Users/Dell/.p2/pool/plugins/org.eclipse.justj.openjdk.hotspot.jre.full.win32.x86_64_16.0.2.v20210721-1149/jre/bin;C:\Python311\Scripts\;C:\Python311\;C:\Program Files\Common Files\Oracle\Java\javapath;C:\WINDOWS\system32;C:\WINDOWS;C:\WINDOWS\System32\Wbem;C:\WINDOWS\System32\WindowsPowerShell\v1.0\;C:\WINDOWS\System32\OpenSSH\;C:\Users\Dell\Downloads\apache-maven-3.8.4-bin\apache-maven-3.8.4\bin;C:\Program Files\Git\cmd;C:\Program Files\Java\jdk1.8.0_311;C:\Program Files\Java\jdk1.8.0_311\bin;C:\Users\Dell\Downloads\apache-maven-3.8.4-bin (1)\apache-maven-3.8.4;C:\Users\Dell\Downloads\apache-maven-3.8.4-bin (1)\apache-maven-3.8.4\bin;C:\Program Files\dotnet\;C:\ProgramData\chocolatey\bin;C:\Program Files\nodejs\;C:\Users\Dell\AppData\Local\Microsoft\WindowsApps;C:\Users\Dell\.dotnet\tools;C:\Users\Dell\AppData\Local\Programs\Microsoft VS Code\bin;C:\Users\Dell\AppData\Roaming\npm;C:\WINDOWS\System32;;."/>
    <property name="java.vm.info" value="mixed mode"/>
    <property name="java.vendor" value="Oracle Corporation"/>
    <property name="java.vm.version" value="16.0.2+7-67"/>
    <property name="sun.io.unicode.encoding" value="UnicodeLittle"/>
    <property name="java.class.version" value="60.0"/>
  </properties>
  <testcase name="runScenario[&quot;To test the search fuctionality with excel sheet&quot;, &quot;To validate the Flipkart Application&quot;](1)" classname="com.TestRunner.runner" time="20.228">
    <failure message="Cannot invoke &quot;org.apache.log4j.Logger.info(Object)&quot; because &quot;this.logger&quot; is null" type="java.lang.NullPointerException"><![CDATA[java.lang.NullPointerException: Cannot invoke "org.apache.log4j.Logger.info(Object)" because "this.logger" is null
]]></failure>
    <system-out><![CDATA[[TestNGContentHandler] [WARN] It is strongly recommended to add "<!DOCTYPE suite SYSTEM "http://testng.org/testng-1.0.dtd" >" at the top of your file, otherwise TestNG may fail or not work as expected.
06-30-2023 19:04:14 Library.java INFO  [main] Baseclass.Library 35 - ****************chrome browser launched*****
06-30-2023 19:04:21 Library.java INFO  [main] Baseclass.Library 48 - ****************Application launched*****
Nosuchelement Exception
Online Shopping Site for Mobiles, Electronics, Furniture, Grocery, Lifestyle, Books & More. Best Offers!
true
Browser closed
]]></system-out>
    <system-err><![CDATA[SLF4J: Failed to load class "org.slf4j.impl.StaticLoggerBinder".
SLF4J: Defaulting to no-operation (NOP) logger implementation
SLF4J: See http://www.slf4j.org/codes.html#StaticLoggerBinder for further details.
June 30, 2023 7:04:04 PM io.cucumber.testng.TestNGCucumberRunner <init>
WARNING: By default Cucumber is running in --non-strict mode.
This default will change to --strict and --non-strict will be removed.
You can use --strict or @CucumberOptions(strict = true) to suppress this warning
Starting ChromeDriver 114.0.5735.90 (386bc09e8f4f2e025eddae123f36f6263096ae49-refs/branch-heads/5735@{#1052}) on port 8032
Only local connections are allowed.
Please see https://chromedriver.chromium.org/security-considerations for suggestions on keeping ChromeDriver safe.
ChromeDriver was started successfully.
June 30, 2023 7:04:14 PM org.openqa.selenium.remote.ProtocolHandshake createSession
INFO: Detected dialect: W3C
]]></system-err>
  </testcase>
</testsuite>